2025-08-21 09:06:46.576 [main] DEBUG c.a.e.VolcengineChatClientTest - Running with Spring Boot v3.2.0, Spring v6.1.1
2025-08-21 09:06:46.592 [main] DEBUG o.s.w.c.s.GenericWebApplicationContext - Refreshing org.springframework.web.context.support.GenericWebApplicationContext@62515a47
2025-08-21 09:06:47.301 [main] DEBUG o.m.s.mapper.ClassPathMapperScanner - Identified candidate component class: file [/Users/qiaoxiangfeng/IdeaProjects/AI-Creation/out/production/AI-Creation/com/aicreation/mapper/ArticleMapper.class]
2025-08-21 09:06:47.301 [main] DEBUG o.m.s.mapper.ClassPathMapperScanner - Identified candidate component class: file [/Users/qiaoxiangfeng/IdeaProjects/AI-Creation/out/production/AI-Creation/com/aicreation/mapper/UserMapper.class]
2025-08-21 09:06:47.302 [main] DEBUG o.m.s.mapper.ClassPathMapperScanner - Creating MapperFactoryBean with name 'articleMapper' and 'com.aicreation.mapper.ArticleMapper' mapperInterface
2025-08-21 09:06:47.303 [main] DEBUG o.m.s.mapper.ClassPathMapperScanner - Enabling autowire by type for MapperFactoryBean with name 'articleMapper'.
2025-08-21 09:06:47.303 [main] DEBUG o.m.s.mapper.ClassPathMapperScanner - Creating MapperFactoryBean with name 'userMapper' and 'com.aicreation.mapper.UserMapper' mapperInterface
2025-08-21 09:06:47.303 [main] DEBUG o.m.s.mapper.ClassPathMapperScanner - Enabling autowire by type for MapperFactoryBean with name 'userMapper'.
2025-08-21 09:06:49.667 [main] DEBUG o.m.spring.SqlSessionFactoryBean - Parsed mapper file: 'file [/Users/qiaoxiangfeng/IdeaProjects/AI-Creation/out/production/AI-Creation/mapper/ArticleMapper.xml]'
2025-08-21 09:06:49.674 [main] DEBUG o.m.spring.SqlSessionFactoryBean - Parsed mapper file: 'file [/Users/qiaoxiangfeng/IdeaProjects/AI-Creation/out/production/AI-Creation/mapper/UserMapper.xml]'
2025-08-21 09:06:50.028 [main] DEBUG o.s.w.s.m.m.a.RequestMappingHandlerMapping - 20 mappings in 'requestMappingHandlerMapping'
2025-08-21 09:06:50.151 [main] DEBUG o.s.w.s.h.SimpleUrlHandlerMapping - Patterns [/webjars/**, /**, /swagger-ui*/*swagger-initializer.js, /swagger-ui*/**] in 'resourceHandlerMapping'
2025-08-21 09:06:50.186 [main] DEBUG o.s.w.s.m.m.a.RequestMappingHandlerAdapter - ControllerAdvice beans: 0 @ModelAttribute, 0 @InitBinder, 1 RequestBodyAdvice, 1 ResponseBodyAdvice
2025-08-21 09:06:50.215 [main] DEBUG o.s.w.s.m.m.a.ExceptionHandlerExceptionResolver - ControllerAdvice beans: 2 @ExceptionHandler, 1 ResponseBodyAdvice
2025-08-21 09:07:31.525 [SpringApplicationShutdownHook] DEBUG o.s.w.c.s.GenericWebApplicationContext - Closing org.springframework.web.context.support.GenericWebApplicationContext@62515a47, started on Thu Aug 21 09:06:46 CST 2025
2025-08-21 09:19:44.150 [main] DEBUG c.a.e.VolcengineChatClientTest - Running with Spring Boot v3.2.0, Spring v6.1.1
2025-08-21 09:19:44.169 [main] DEBUG o.s.w.c.s.GenericWebApplicationContext - Refreshing org.springframework.web.context.support.GenericWebApplicationContext@62515a47
2025-08-21 09:19:44.823 [main] DEBUG o.m.s.mapper.ClassPathMapperScanner - Identified candidate component class: file [/Users/qiaoxiangfeng/IdeaProjects/AI-Creation/out/production/AI-Creation/com/aicreation/mapper/ArticleMapper.class]
2025-08-21 09:19:44.823 [main] DEBUG o.m.s.mapper.ClassPathMapperScanner - Identified candidate component class: file [/Users/qiaoxiangfeng/IdeaProjects/AI-Creation/out/production/AI-Creation/com/aicreation/mapper/UserMapper.class]
2025-08-21 09:19:44.823 [main] DEBUG o.m.s.mapper.ClassPathMapperScanner - Creating MapperFactoryBean with name 'articleMapper' and 'com.aicreation.mapper.ArticleMapper' mapperInterface
2025-08-21 09:19:44.824 [main] DEBUG o.m.s.mapper.ClassPathMapperScanner - Enabling autowire by type for MapperFactoryBean with name 'articleMapper'.
2025-08-21 09:19:44.824 [main] DEBUG o.m.s.mapper.ClassPathMapperScanner - Creating MapperFactoryBean with name 'userMapper' and 'com.aicreation.mapper.UserMapper' mapperInterface
2025-08-21 09:19:44.824 [main] DEBUG o.m.s.mapper.ClassPathMapperScanner - Enabling autowire by type for MapperFactoryBean with name 'userMapper'.
2025-08-21 09:19:45.993 [main] DEBUG o.m.spring.SqlSessionFactoryBean - Parsed mapper file: 'file [/Users/qiaoxiangfeng/IdeaProjects/AI-Creation/out/production/AI-Creation/mapper/ArticleMapper.xml]'
2025-08-21 09:19:46.000 [main] DEBUG o.m.spring.SqlSessionFactoryBean - Parsed mapper file: 'file [/Users/qiaoxiangfeng/IdeaProjects/AI-Creation/out/production/AI-Creation/mapper/UserMapper.xml]'
2025-08-21 09:19:46.321 [main] DEBUG o.s.w.s.m.m.a.RequestMappingHandlerMapping - 20 mappings in 'requestMappingHandlerMapping'
2025-08-21 09:19:46.432 [main] DEBUG o.s.w.s.h.SimpleUrlHandlerMapping - Patterns [/webjars/**, /**, /swagger-ui*/*swagger-initializer.js, /swagger-ui*/**] in 'resourceHandlerMapping'
2025-08-21 09:19:46.468 [main] DEBUG o.s.w.s.m.m.a.RequestMappingHandlerAdapter - ControllerAdvice beans: 0 @ModelAttribute, 0 @InitBinder, 1 RequestBodyAdvice, 1 ResponseBodyAdvice
2025-08-21 09:19:46.493 [main] DEBUG o.s.w.s.m.m.a.ExceptionHandlerExceptionResolver - ControllerAdvice beans: 2 @ExceptionHandler, 1 ResponseBodyAdvice
2025-08-21 09:21:03.322 [SpringApplicationShutdownHook] DEBUG o.s.w.c.s.GenericWebApplicationContext - Closing org.springframework.web.context.support.GenericWebApplicationContext@62515a47, started on Thu Aug 21 09:19:44 CST 2025
2025-08-21 09:31:53.762 [main] DEBUG c.a.e.VolcengineChatClientTest - Running with Spring Boot v3.2.0, Spring v6.1.1
2025-08-21 09:31:53.779 [main] DEBUG o.s.w.c.s.GenericWebApplicationContext - Refreshing org.springframework.web.context.support.GenericWebApplicationContext@712ca57b
2025-08-21 09:31:54.447 [main] DEBUG o.m.s.mapper.ClassPathMapperScanner - Identified candidate component class: file [/Users/qiaoxiangfeng/IdeaProjects/AI-Creation/target/classes/com/aicreation/mapper/ArticleMapper.class]
2025-08-21 09:31:54.449 [main] DEBUG o.m.s.mapper.ClassPathMapperScanner - Identified candidate component class: file [/Users/qiaoxiangfeng/IdeaProjects/AI-Creation/target/classes/com/aicreation/mapper/UserMapper.class]
2025-08-21 09:31:54.450 [main] DEBUG o.m.s.mapper.ClassPathMapperScanner - Creating MapperFactoryBean with name 'articleMapper' and 'com.aicreation.mapper.ArticleMapper' mapperInterface
2025-08-21 09:31:54.452 [main] DEBUG o.m.s.mapper.ClassPathMapperScanner - Enabling autowire by type for MapperFactoryBean with name 'articleMapper'.
2025-08-21 09:31:54.452 [main] DEBUG o.m.s.mapper.ClassPathMapperScanner - Creating MapperFactoryBean with name 'userMapper' and 'com.aicreation.mapper.UserMapper' mapperInterface
2025-08-21 09:31:54.452 [main] DEBUG o.m.s.mapper.ClassPathMapperScanner - Enabling autowire by type for MapperFactoryBean with name 'userMapper'.
2025-08-21 09:31:56.160 [main] DEBUG o.m.spring.SqlSessionFactoryBean - Parsed mapper file: 'file [/Users/qiaoxiangfeng/IdeaProjects/AI-Creation/target/classes/mapper/ArticleMapper.xml]'
2025-08-21 09:31:56.169 [main] DEBUG o.m.spring.SqlSessionFactoryBean - Parsed mapper file: 'file [/Users/qiaoxiangfeng/IdeaProjects/AI-Creation/target/classes/mapper/UserMapper.xml]'
2025-08-21 09:31:57.113 [main] DEBUG o.s.w.s.m.m.a.RequestMappingHandlerMapping - 20 mappings in 'requestMappingHandlerMapping'
2025-08-21 09:31:57.392 [main] DEBUG o.s.w.s.h.SimpleUrlHandlerMapping - Patterns [/webjars/**, /**, /swagger-ui*/*swagger-initializer.js, /swagger-ui*/**] in 'resourceHandlerMapping'
2025-08-21 09:31:57.472 [main] DEBUG o.s.w.s.m.m.a.RequestMappingHandlerAdapter - ControllerAdvice beans: 0 @ModelAttribute, 0 @InitBinder, 1 RequestBodyAdvice, 1 ResponseBodyAdvice
2025-08-21 09:31:57.515 [main] DEBUG o.s.w.s.m.m.a.ExceptionHandlerExceptionResolver - ControllerAdvice beans: 2 @ExceptionHandler, 1 ResponseBodyAdvice
2025-08-21 09:33:02.241 [SpringApplicationShutdownHook] DEBUG o.s.w.c.s.GenericWebApplicationContext - Closing org.springframework.web.context.support.GenericWebApplicationContext@712ca57b, started on Thu Aug 21 09:31:53 CST 2025
2025-08-21 09:35:15.431 [main] DEBUG c.a.e.VolcengineChatClientTest - Running with Spring Boot v3.2.0, Spring v6.1.1
2025-08-21 09:35:15.448 [main] DEBUG o.s.w.c.s.GenericWebApplicationContext - Refreshing org.springframework.web.context.support.GenericWebApplicationContext@62515a47
2025-08-21 09:35:16.051 [main] DEBUG o.m.s.mapper.ClassPathMapperScanner - Identified candidate component class: file [/Users/qiaoxiangfeng/IdeaProjects/AI-Creation/out/production/AI-Creation/com/aicreation/mapper/ArticleMapper.class]
2025-08-21 09:35:16.051 [main] DEBUG o.m.s.mapper.ClassPathMapperScanner - Identified candidate component class: file [/Users/qiaoxiangfeng/IdeaProjects/AI-Creation/out/production/AI-Creation/com/aicreation/mapper/UserMapper.class]
2025-08-21 09:35:16.052 [main] DEBUG o.m.s.mapper.ClassPathMapperScanner - Creating MapperFactoryBean with name 'articleMapper' and 'com.aicreation.mapper.ArticleMapper' mapperInterface
2025-08-21 09:35:16.053 [main] DEBUG o.m.s.mapper.ClassPathMapperScanner - Enabling autowire by type for MapperFactoryBean with name 'articleMapper'.
2025-08-21 09:35:16.053 [main] DEBUG o.m.s.mapper.ClassPathMapperScanner - Creating MapperFactoryBean with name 'userMapper' and 'com.aicreation.mapper.UserMapper' mapperInterface
2025-08-21 09:35:16.053 [main] DEBUG o.m.s.mapper.ClassPathMapperScanner - Enabling autowire by type for MapperFactoryBean with name 'userMapper'.
2025-08-21 09:35:17.192 [main] DEBUG o.m.spring.SqlSessionFactoryBean - Parsed mapper file: 'file [/Users/qiaoxiangfeng/IdeaProjects/AI-Creation/out/production/AI-Creation/mapper/ArticleMapper.xml]'
2025-08-21 09:35:17.199 [main] DEBUG o.m.spring.SqlSessionFactoryBean - Parsed mapper file: 'file [/Users/qiaoxiangfeng/IdeaProjects/AI-Creation/out/production/AI-Creation/mapper/UserMapper.xml]'
2025-08-21 09:35:17.511 [main] DEBUG o.s.w.s.m.m.a.RequestMappingHandlerMapping - 20 mappings in 'requestMappingHandlerMapping'
2025-08-21 09:35:17.609 [main] DEBUG o.s.w.s.h.SimpleUrlHandlerMapping - Patterns [/webjars/**, /**, /swagger-ui*/*swagger-initializer.js, /swagger-ui*/**] in 'resourceHandlerMapping'
2025-08-21 09:35:17.641 [main] DEBUG o.s.w.s.m.m.a.RequestMappingHandlerAdapter - ControllerAdvice beans: 0 @ModelAttribute, 0 @InitBinder, 1 RequestBodyAdvice, 1 ResponseBodyAdvice
2025-08-21 09:35:17.675 [main] DEBUG o.s.w.s.m.m.a.ExceptionHandlerExceptionResolver - ControllerAdvice beans: 2 @ExceptionHandler, 1 ResponseBodyAdvice
2025-08-21 09:37:05.350 [SpringApplicationShutdownHook] DEBUG o.s.w.c.s.GenericWebApplicationContext - Closing org.springframework.web.context.support.GenericWebApplicationContext@62515a47, started on Thu Aug 21 09:35:15 CST 2025
