2025-08-20 11:21:33.891 [main] DEBUG c.aicreation.AiCreationApplication - Running with Spring Boot v3.2.0, Spring v6.1.1
2025-08-20 11:21:34.659 [main] DEBUG o.m.s.mapper.ClassPathMapperScanner - Identified candidate component class: file [/Users/qiaoxiangfeng/IdeaProjects/AI-Creation/target/classes/com/aicreation/mapper/ArticleMapper.class]
2025-08-20 11:21:34.659 [main] DEBUG o.m.s.mapper.ClassPathMapperScanner - Identified candidate component class: file [/Users/qiaoxiangfeng/IdeaProjects/AI-Creation/target/classes/com/aicreation/mapper/UserMapper.class]
2025-08-20 11:21:34.660 [main] DEBUG o.m.s.mapper.ClassPathMapperScanner - Creating MapperFactoryBean with name 'articleMapper' and 'com.aicreation.mapper.ArticleMapper' mapperInterface
2025-08-20 11:21:34.661 [main] DEBUG o.m.s.mapper.ClassPathMapperScanner - Enabling autowire by type for MapperFactoryBean with name 'articleMapper'.
2025-08-20 11:21:34.661 [main] DEBUG o.m.s.mapper.ClassPathMapperScanner - Creating MapperFactoryBean with name 'userMapper' and 'com.aicreation.mapper.UserMapper' mapperInterface
2025-08-20 11:21:34.661 [main] DEBUG o.m.s.mapper.ClassPathMapperScanner - Enabling autowire by type for MapperFactoryBean with name 'userMapper'.
2025-08-20 11:21:35.346 [main] DEBUG o.s.w.f.ServerHttpObservationFilter - Filter 'webMvcObservationFilter' configured for use
2025-08-20 11:21:36.160 [main] DEBUG o.m.spring.SqlSessionFactoryBean - Parsed mapper file: 'file [/Users/qiaoxiangfeng/IdeaProjects/AI-Creation/target/classes/mapper/ArticleMapper.xml]'
2025-08-20 11:21:36.167 [main] DEBUG o.m.spring.SqlSessionFactoryBean - Parsed mapper file: 'file [/Users/qiaoxiangfeng/IdeaProjects/AI-Creation/target/classes/mapper/UserMapper.xml]'
2025-08-20 11:21:36.403 [main] DEBUG o.s.w.s.m.m.a.RequestMappingHandlerMapping - 20 mappings in 'requestMappingHandlerMapping'
2025-08-20 11:21:36.490 [main] DEBUG o.s.w.s.h.SimpleUrlHandlerMapping - Patterns [/webjars/**, /**, /swagger-ui*/*swagger-initializer.js, /swagger-ui*/**] in 'resourceHandlerMapping'
2025-08-20 11:21:36.521 [main] DEBUG o.s.w.s.m.m.a.RequestMappingHandlerAdapter - ControllerAdvice beans: 0 @ModelAttribute, 0 @InitBinder, 1 RequestBodyAdvice, 1 ResponseBodyAdvice
2025-08-20 11:21:36.544 [main] DEBUG o.s.w.s.m.m.a.ExceptionHandlerExceptionResolver - ControllerAdvice beans: 2 @ExceptionHandler, 1 ResponseBodyAdvice
2025-08-20 11:21:38.015 [http-nio-8080-exec-1] DEBUG o.s.web.servlet.DispatcherServlet - Detected StandardServletMultipartResolver
2025-08-20 11:21:38.015 [http-nio-8080-exec-1] DEBUG o.s.web.servlet.DispatcherServlet - Detected AcceptHeaderLocaleResolver
2025-08-20 11:21:38.015 [http-nio-8080-exec-1] DEBUG o.s.web.servlet.DispatcherServlet - Detected FixedThemeResolver
2025-08-20 11:21:38.016 [http-nio-8080-exec-1] DEBUG o.s.web.servlet.DispatcherServlet - Detected org.springframework.web.servlet.view.DefaultRequestToViewNameTranslator@1f062e10
2025-08-20 11:21:38.016 [http-nio-8080-exec-1] DEBUG o.s.web.servlet.DispatcherServlet - Detected org.springframework.web.servlet.support.SessionFlashMapManager@288e50c1
2025-08-20 11:21:38.016 [http-nio-8080-exec-1] DEBUG o.s.web.servlet.DispatcherServlet - enableLoggingRequestDetails='false': request parameters and headers will be masked to prevent unsafe logging of potentially sensitive data
2025-08-20 11:21:38.024 [http-nio-8080-exec-1] DEBUG o.s.web.servlet.DispatcherServlet - GET "/api/actuator/health", parameters={}
2025-08-20 11:21:38.034 [http-nio-8080-exec-1] DEBUG o.s.w.s.m.m.a.RequestResponseBodyMethodProcessor - Read "application/octet-stream" to []
2025-08-20 11:21:38.234 [http-nio-8080-exec-1] DEBUG o.s.w.s.m.m.a.HttpEntityMethodProcessor - Using 'application/vnd.spring-boot.actuator.v3+json', given [*/*] and supported [application/vnd.spring-boot.actuator.v3+json, application/vnd.spring-boot.actuator.v2+json, application/json]
2025-08-20 11:21:38.251 [http-nio-8080-exec-1] DEBUG o.s.w.s.m.m.a.HttpEntityMethodProcessor - Writing [org.springframework.boot.actuate.health.SystemHealth@44dceed9]
2025-08-20 11:21:38.263 [http-nio-8080-exec-1] DEBUG o.s.web.servlet.DispatcherServlet - Completed 200 OK
2025-08-20 11:26:09.428 [main] DEBUG c.aicreation.AiCreationApplication - Running with Spring Boot v3.2.0, Spring v6.1.1
2025-08-20 11:26:10.007 [main] DEBUG o.m.s.mapper.ClassPathMapperScanner - Identified candidate component class: file [/Users/qiaoxiangfeng/IdeaProjects/AI-Creation/target/classes/com/aicreation/mapper/ArticleMapper.class]
2025-08-20 11:26:10.007 [main] DEBUG o.m.s.mapper.ClassPathMapperScanner - Identified candidate component class: file [/Users/qiaoxiangfeng/IdeaProjects/AI-Creation/target/classes/com/aicreation/mapper/UserMapper.class]
2025-08-20 11:26:10.008 [main] DEBUG o.m.s.mapper.ClassPathMapperScanner - Creating MapperFactoryBean with name 'articleMapper' and 'com.aicreation.mapper.ArticleMapper' mapperInterface
2025-08-20 11:26:10.008 [main] DEBUG o.m.s.mapper.ClassPathMapperScanner - Enabling autowire by type for MapperFactoryBean with name 'articleMapper'.
2025-08-20 11:26:10.009 [main] DEBUG o.m.s.mapper.ClassPathMapperScanner - Creating MapperFactoryBean with name 'userMapper' and 'com.aicreation.mapper.UserMapper' mapperInterface
2025-08-20 11:26:10.009 [main] DEBUG o.m.s.mapper.ClassPathMapperScanner - Enabling autowire by type for MapperFactoryBean with name 'userMapper'.
2025-08-20 11:26:10.526 [main] DEBUG o.s.w.f.ServerHttpObservationFilter - Filter 'webMvcObservationFilter' configured for use
2025-08-20 11:26:11.238 [main] DEBUG o.m.spring.SqlSessionFactoryBean - Parsed mapper file: 'file [/Users/qiaoxiangfeng/IdeaProjects/AI-Creation/target/classes/mapper/ArticleMapper.xml]'
2025-08-20 11:26:11.245 [main] DEBUG o.m.spring.SqlSessionFactoryBean - Parsed mapper file: 'file [/Users/qiaoxiangfeng/IdeaProjects/AI-Creation/target/classes/mapper/UserMapper.xml]'
2025-08-20 11:26:11.775 [main] DEBUG o.s.w.s.m.m.a.RequestMappingHandlerMapping - 20 mappings in 'requestMappingHandlerMapping'
2025-08-20 11:26:11.876 [main] DEBUG o.s.w.s.h.SimpleUrlHandlerMapping - Patterns [/webjars/**, /**, /swagger-ui*/*swagger-initializer.js, /swagger-ui*/**] in 'resourceHandlerMapping'
2025-08-20 11:26:11.915 [main] DEBUG o.s.w.s.m.m.a.RequestMappingHandlerAdapter - ControllerAdvice beans: 0 @ModelAttribute, 0 @InitBinder, 1 RequestBodyAdvice, 1 ResponseBodyAdvice
2025-08-20 11:26:11.940 [main] DEBUG o.s.w.s.m.m.a.ExceptionHandlerExceptionResolver - ControllerAdvice beans: 2 @ExceptionHandler, 1 ResponseBodyAdvice
2025-08-20 11:27:03.469 [http-nio-8080-exec-1] DEBUG o.s.web.servlet.DispatcherServlet - Detected StandardServletMultipartResolver
2025-08-20 11:27:03.469 [http-nio-8080-exec-1] DEBUG o.s.web.servlet.DispatcherServlet - Detected AcceptHeaderLocaleResolver
2025-08-20 11:27:03.469 [http-nio-8080-exec-1] DEBUG o.s.web.servlet.DispatcherServlet - Detected FixedThemeResolver
2025-08-20 11:27:03.471 [http-nio-8080-exec-1] DEBUG o.s.web.servlet.DispatcherServlet - Detected org.springframework.web.servlet.view.DefaultRequestToViewNameTranslator@7d43c89f
2025-08-20 11:27:03.471 [http-nio-8080-exec-1] DEBUG o.s.web.servlet.DispatcherServlet - Detected org.springframework.web.servlet.support.SessionFlashMapManager@76ccde41
2025-08-20 11:27:03.472 [http-nio-8080-exec-1] DEBUG o.s.web.servlet.DispatcherServlet - enableLoggingRequestDetails='false': request parameters and headers will be masked to prevent unsafe logging of potentially sensitive data
2025-08-20 11:27:03.486 [http-nio-8080-exec-1] DEBUG o.s.web.servlet.DispatcherServlet - GET "/api/actuator/health", parameters={}
2025-08-20 11:27:03.501 [http-nio-8080-exec-1] DEBUG o.s.w.s.m.m.a.RequestResponseBodyMethodProcessor - Read "application/octet-stream" to []
2025-08-20 11:27:03.753 [http-nio-8080-exec-1] DEBUG o.s.w.s.m.m.a.HttpEntityMethodProcessor - Using 'application/vnd.spring-boot.actuator.v3+json', given [*/*] and supported [application/vnd.spring-boot.actuator.v3+json, application/vnd.spring-boot.actuator.v2+json, application/json]
2025-08-20 11:27:03.781 [http-nio-8080-exec-1] DEBUG o.s.w.s.m.m.a.HttpEntityMethodProcessor - Writing [org.springframework.boot.actuate.health.SystemHealth@1407658e]
2025-08-20 11:27:03.799 [http-nio-8080-exec-1] DEBUG o.s.web.servlet.DispatcherServlet - Completed 200 OK
2025-08-20 11:30:39.617 [http-nio-8080-exec-3] DEBUG o.s.web.servlet.DispatcherServlet - GET "/api/actuator/health", parameters={}
2025-08-20 11:30:39.621 [http-nio-8080-exec-3] DEBUG o.s.w.s.m.m.a.RequestResponseBodyMethodProcessor - Read "application/octet-stream" to []
2025-08-20 11:30:39.632 [http-nio-8080-exec-3] DEBUG o.s.w.s.m.m.a.HttpEntityMethodProcessor - Using 'application/vnd.spring-boot.actuator.v3+json', given [*/*] and supported [application/vnd.spring-boot.actuator.v3+json, application/vnd.spring-boot.actuator.v2+json, application/json]
2025-08-20 11:30:39.633 [http-nio-8080-exec-3] DEBUG o.s.w.s.m.m.a.HttpEntityMethodProcessor - Writing [org.springframework.boot.actuate.health.SystemHealth@615a9247]
2025-08-20 11:30:39.635 [http-nio-8080-exec-3] DEBUG o.s.web.servlet.DispatcherServlet - Completed 200 OK
2025-08-20 12:04:17.383 [http-nio-8080-exec-4] DEBUG o.s.web.servlet.DispatcherServlet - GET "/api/actuator/health", parameters={}
2025-08-20 12:04:17.388 [http-nio-8080-exec-4] DEBUG o.s.w.s.m.m.a.RequestResponseBodyMethodProcessor - Read "application/octet-stream" to []
2025-08-20 12:04:17.398 [http-nio-8080-exec-4] DEBUG o.s.w.s.m.m.a.HttpEntityMethodProcessor - Using 'application/vnd.spring-boot.actuator.v3+json', given [*/*] and supported [application/vnd.spring-boot.actuator.v3+json, application/vnd.spring-boot.actuator.v2+json, application/json]
2025-08-20 12:04:17.399 [http-nio-8080-exec-4] DEBUG o.s.w.s.m.m.a.HttpEntityMethodProcessor - Writing [org.springframework.boot.actuate.health.SystemHealth@76f8fd8a]
2025-08-20 12:04:17.401 [http-nio-8080-exec-4] DEBUG o.s.web.servlet.DispatcherServlet - Completed 200 OK
2025-08-20 12:04:19.977 [http-nio-8080-exec-6] DEBUG o.s.web.servlet.DispatcherServlet - POST "/api/users/list", parameters={}
2025-08-20 12:04:19.981 [http-nio-8080-exec-6] DEBUG o.s.w.s.m.m.a.RequestMappingHandlerMapping - Mapped to com.aicreation.controller.UserController#getUserList(UserListReqDto)
2025-08-20 12:04:20.095 [http-nio-8080-exec-6] DEBUG o.s.w.s.m.m.a.RequestResponseBodyMethodProcessor - Read "application/json;charset=UTF-8" to [com.aicreation.entity.dto.UserListReqDto@789178c2[userName=<null>,pageNo=1,pageSize=10]]
2025-08-20 12:04:20.149 [http-nio-8080-exec-6] DEBUG c.a.service.impl.UserServiceImpl - 查询用户列表，页码: 1, 每页大小: 10, 用户名搜索: null
2025-08-20 12:04:20.308 [http-nio-8080-exec-6] DEBUG o.s.w.s.m.m.a.RequestResponseBodyMethodProcessor - Using 'application/json', given [application/json, text/plain, */*] and supported [application/json, application/*+json]
2025-08-20 12:04:20.314 [http-nio-8080-exec-6] DEBUG o.s.w.s.m.m.a.RequestResponseBodyMethodProcessor - Writing [com.aicreation.entity.dto.base.PageRespDto@3e94c003[list=[com.aicreation.entity.dto.UserRespDto@5eb9 (truncated)...]
2025-08-20 12:04:20.319 [http-nio-8080-exec-6] DEBUG o.s.web.servlet.DispatcherServlet - Completed 200 OK
2025-08-20 12:04:22.112 [http-nio-8080-exec-7] DEBUG o.s.web.servlet.DispatcherServlet - POST "/api/articles/list", parameters={}
2025-08-20 12:04:22.114 [http-nio-8080-exec-7] DEBUG o.s.w.s.h.SimpleUrlHandlerMapping - Mapped to ResourceHttpRequestHandler [classpath [META-INF/resources/], classpath [resources/], classpath [static/], classpath [public/], ServletContext [/]]
2025-08-20 12:04:22.119 [http-nio-8080-exec-7] DEBUG o.s.w.s.r.ResourceHttpRequestHandler - Resource not found
2025-08-20 12:04:22.121 [http-nio-8080-exec-7] DEBUG o.s.w.s.m.m.a.ExceptionHandlerExceptionResolver - Using @ExceptionHandler com.aicreation.common.GlobalExceptionHandler#handleException(Exception)
2025-08-20 12:04:22.125 [http-nio-8080-exec-7] DEBUG o.s.w.s.m.m.a.HttpEntityMethodProcessor - Using 'application/json', given [application/json, text/plain, */*] and supported [application/json, application/*+json]
2025-08-20 12:04:22.125 [http-nio-8080-exec-7] DEBUG o.s.w.s.m.m.a.HttpEntityMethodProcessor - Writing [BaseResponse(code=CM01, msg=系统异常, data=null)]
2025-08-20 12:04:22.126 [http-nio-8080-exec-7] DEBUG o.s.w.s.m.m.a.ExceptionHandlerExceptionResolver - Resolved [org.springframework.web.servlet.resource.NoResourceFoundException: No static resource articles/list.]
2025-08-20 12:04:22.126 [http-nio-8080-exec-7] DEBUG o.s.web.servlet.DispatcherServlet - Completed 500 INTERNAL_SERVER_ERROR
2025-08-20 12:04:50.230 [http-nio-8080-exec-8] DEBUG o.s.web.servlet.DispatcherServlet - POST "/api/articles/list", parameters={}
2025-08-20 12:04:50.233 [http-nio-8080-exec-8] DEBUG o.s.w.s.h.SimpleUrlHandlerMapping - Mapped to ResourceHttpRequestHandler [classpath [META-INF/resources/], classpath [resources/], classpath [static/], classpath [public/], ServletContext [/]]
2025-08-20 12:04:50.245 [http-nio-8080-exec-8] DEBUG o.s.w.s.r.ResourceHttpRequestHandler - Resource not found
2025-08-20 12:04:50.247 [http-nio-8080-exec-8] DEBUG o.s.w.s.m.m.a.ExceptionHandlerExceptionResolver - Using @ExceptionHandler com.aicreation.common.GlobalExceptionHandler#handleException(Exception)
2025-08-20 12:04:50.256 [http-nio-8080-exec-8] DEBUG o.s.w.s.m.m.a.HttpEntityMethodProcessor - Using 'application/json', given [application/json, text/plain, */*] and supported [application/json, application/*+json]
2025-08-20 12:04:50.256 [http-nio-8080-exec-8] DEBUG o.s.w.s.m.m.a.HttpEntityMethodProcessor - Writing [BaseResponse(code=CM01, msg=系统异常, data=null)]
2025-08-20 12:04:50.258 [http-nio-8080-exec-8] DEBUG o.s.w.s.m.m.a.ExceptionHandlerExceptionResolver - Resolved [org.springframework.web.servlet.resource.NoResourceFoundException: No static resource articles/list.]
2025-08-20 12:04:50.259 [http-nio-8080-exec-8] DEBUG o.s.web.servlet.DispatcherServlet - Completed 500 INTERNAL_SERVER_ERROR
2025-08-20 12:05:51.255 [http-nio-8080-exec-9] DEBUG o.s.web.servlet.DispatcherServlet - POST "/api/articles/list", parameters={}
2025-08-20 12:05:51.257 [http-nio-8080-exec-9] DEBUG o.s.w.s.h.SimpleUrlHandlerMapping - Mapped to ResourceHttpRequestHandler [classpath [META-INF/resources/], classpath [resources/], classpath [static/], classpath [public/], ServletContext [/]]
2025-08-20 12:05:51.260 [http-nio-8080-exec-9] DEBUG o.s.w.s.r.ResourceHttpRequestHandler - Resource not found
2025-08-20 12:05:51.261 [http-nio-8080-exec-9] DEBUG o.s.w.s.m.m.a.ExceptionHandlerExceptionResolver - Using @ExceptionHandler com.aicreation.common.GlobalExceptionHandler#handleException(Exception)
2025-08-20 12:05:51.263 [http-nio-8080-exec-9] DEBUG o.s.w.s.m.m.a.HttpEntityMethodProcessor - Using 'application/json', given [*/*] and supported [application/json, application/*+json]
2025-08-20 12:05:51.263 [http-nio-8080-exec-9] DEBUG o.s.w.s.m.m.a.HttpEntityMethodProcessor - Writing [BaseResponse(code=CM01, msg=系统异常, data=null)]
2025-08-20 12:05:51.265 [http-nio-8080-exec-9] DEBUG o.s.w.s.m.m.a.ExceptionHandlerExceptionResolver - Resolved [org.springframework.web.servlet.resource.NoResourceFoundException: No static resource articles/list.]
2025-08-20 12:05:51.265 [http-nio-8080-exec-9] DEBUG o.s.web.servlet.DispatcherServlet - Completed 500 INTERNAL_SERVER_ERROR
2025-08-20 12:06:17.743 [http-nio-8080-exec-10] DEBUG o.s.web.servlet.DispatcherServlet - POST "/api/users/list", parameters={}
2025-08-20 12:06:17.744 [http-nio-8080-exec-10] DEBUG o.s.w.s.m.m.a.RequestMappingHandlerMapping - Mapped to com.aicreation.controller.UserController#getUserList(UserListReqDto)
2025-08-20 12:06:17.746 [http-nio-8080-exec-10] DEBUG o.s.w.s.m.m.a.RequestResponseBodyMethodProcessor - Read "application/json;charset=UTF-8" to [com.aicreation.entity.dto.UserListReqDto@6719187c[userName=<null>,pageNo=1,pageSize=10]]
2025-08-20 12:06:17.748 [http-nio-8080-exec-10] DEBUG c.a.service.impl.UserServiceImpl - 查询用户列表，页码: 1, 每页大小: 10, 用户名搜索: null
2025-08-20 12:06:17.763 [http-nio-8080-exec-10] DEBUG o.s.w.s.m.m.a.RequestResponseBodyMethodProcessor - Using 'application/json', given [*/*] and supported [application/json, application/*+json]
2025-08-20 12:06:17.763 [http-nio-8080-exec-10] DEBUG o.s.w.s.m.m.a.RequestResponseBodyMethodProcessor - Writing [com.aicreation.entity.dto.base.PageRespDto@40541379[list=[com.aicreation.entity.dto.UserRespDto@5b3f (truncated)...]
2025-08-20 12:06:17.764 [http-nio-8080-exec-10] DEBUG o.s.web.servlet.DispatcherServlet - Completed 200 OK
2025-08-20 12:06:41.476 [main] DEBUG c.aicreation.AiCreationApplication - Running with Spring Boot v3.2.0, Spring v6.1.1
2025-08-20 12:06:42.120 [main] DEBUG o.m.s.mapper.ClassPathMapperScanner - Identified candidate component class: file [/Users/qiaoxiangfeng/IdeaProjects/AI-Creation/target/classes/com/aicreation/mapper/ArticleMapper.class]
2025-08-20 12:06:42.121 [main] DEBUG o.m.s.mapper.ClassPathMapperScanner - Identified candidate component class: file [/Users/qiaoxiangfeng/IdeaProjects/AI-Creation/target/classes/com/aicreation/mapper/UserMapper.class]
2025-08-20 12:06:42.121 [main] DEBUG o.m.s.mapper.ClassPathMapperScanner - Creating MapperFactoryBean with name 'articleMapper' and 'com.aicreation.mapper.ArticleMapper' mapperInterface
2025-08-20 12:06:42.122 [main] DEBUG o.m.s.mapper.ClassPathMapperScanner - Enabling autowire by type for MapperFactoryBean with name 'articleMapper'.
2025-08-20 12:06:42.122 [main] DEBUG o.m.s.mapper.ClassPathMapperScanner - Creating MapperFactoryBean with name 'userMapper' and 'com.aicreation.mapper.UserMapper' mapperInterface
2025-08-20 12:06:42.122 [main] DEBUG o.m.s.mapper.ClassPathMapperScanner - Enabling autowire by type for MapperFactoryBean with name 'userMapper'.
2025-08-20 12:06:42.845 [main] DEBUG o.s.w.f.ServerHttpObservationFilter - Filter 'webMvcObservationFilter' configured for use
2025-08-20 12:06:43.634 [main] DEBUG o.m.spring.SqlSessionFactoryBean - Parsed mapper file: 'file [/Users/qiaoxiangfeng/IdeaProjects/AI-Creation/target/classes/mapper/ArticleMapper.xml]'
2025-08-20 12:06:43.642 [main] DEBUG o.m.spring.SqlSessionFactoryBean - Parsed mapper file: 'file [/Users/qiaoxiangfeng/IdeaProjects/AI-Creation/target/classes/mapper/UserMapper.xml]'
2025-08-20 12:06:43.892 [main] DEBUG o.s.w.s.m.m.a.RequestMappingHandlerMapping - 20 mappings in 'requestMappingHandlerMapping'
2025-08-20 12:06:44.244 [main] DEBUG o.s.w.s.h.SimpleUrlHandlerMapping - Patterns [/webjars/**, /**, /swagger-ui*/*swagger-initializer.js, /swagger-ui*/**] in 'resourceHandlerMapping'
2025-08-20 12:06:44.281 [main] DEBUG o.s.w.s.m.m.a.RequestMappingHandlerAdapter - ControllerAdvice beans: 0 @ModelAttribute, 0 @InitBinder, 1 RequestBodyAdvice, 1 ResponseBodyAdvice
2025-08-20 12:06:44.310 [main] DEBUG o.s.w.s.m.m.a.ExceptionHandlerExceptionResolver - ControllerAdvice beans: 2 @ExceptionHandler, 1 ResponseBodyAdvice
2025-08-20 12:06:59.266 [http-nio-8080-exec-2] DEBUG o.s.web.servlet.DispatcherServlet - Detected StandardServletMultipartResolver
2025-08-20 12:06:59.266 [http-nio-8080-exec-2] DEBUG o.s.web.servlet.DispatcherServlet - Detected AcceptHeaderLocaleResolver
2025-08-20 12:06:59.266 [http-nio-8080-exec-2] DEBUG o.s.web.servlet.DispatcherServlet - Detected FixedThemeResolver
2025-08-20 12:06:59.267 [http-nio-8080-exec-2] DEBUG o.s.web.servlet.DispatcherServlet - Detected org.springframework.web.servlet.view.DefaultRequestToViewNameTranslator@c3e5e3c
2025-08-20 12:06:59.267 [http-nio-8080-exec-2] DEBUG o.s.web.servlet.DispatcherServlet - Detected org.springframework.web.servlet.support.SessionFlashMapManager@5e8bc83e
2025-08-20 12:06:59.267 [http-nio-8080-exec-2] DEBUG o.s.web.servlet.DispatcherServlet - enableLoggingRequestDetails='false': request parameters and headers will be masked to prevent unsafe logging of potentially sensitive data
2025-08-20 12:06:59.277 [http-nio-8080-exec-2] DEBUG o.s.web.servlet.DispatcherServlet - POST "/api/articles/list", parameters={}
2025-08-20 12:06:59.280 [http-nio-8080-exec-2] DEBUG o.s.w.s.m.m.a.RequestMappingHandlerMapping - Mapped to com.aicreation.controller.ArticleController#getArticleList(ArticleListReqDto)
2025-08-20 12:06:59.354 [http-nio-8080-exec-2] DEBUG o.s.w.s.m.m.a.RequestResponseBodyMethodProcessor - Read "application/json;charset=UTF-8" to [com.aicreation.entity.dto.ArticleListReqDto@52e44b90[articleName=<null>,voiceTone=<null>,pageNo=1,pa (truncated)...]
2025-08-20 12:06:59.518 [http-nio-8080-exec-2] DEBUG o.s.w.s.m.m.a.ExceptionHandlerExceptionResolver - Using @ExceptionHandler com.aicreation.common.GlobalExceptionHandler#handleException(Exception)
2025-08-20 12:06:59.533 [http-nio-8080-exec-2] DEBUG o.s.w.s.m.m.a.HttpEntityMethodProcessor - Using 'application/json', given [*/*] and supported [application/json, application/*+json]
2025-08-20 12:06:59.534 [http-nio-8080-exec-2] DEBUG o.s.w.s.m.m.a.HttpEntityMethodProcessor - Writing [BaseResponse(code=CM01, msg=系统异常, data=null)]
2025-08-20 12:06:59.541 [http-nio-8080-exec-2] DEBUG o.s.w.s.m.m.a.ExceptionHandlerExceptionResolver - Resolved [org.springframework.jdbc.BadSqlGrammarException: <EOL>### Error querying database.  Cause: org.postgresql.util.PSQLException: ERROR: relation "article" does not exist<EOL>  位置：22<EOL>### The error may exist in file [/Users/qiaoxiangfeng/IdeaProjects/AI-Creation/target/classes/mapper/ArticleMapper.xml]<EOL>### The error may involve defaultParameterMap<EOL>### The error occurred while setting parameters<EOL>### SQL: SELECT count(0) FROM article WHERE res_state = 1<EOL>### Cause: org.postgresql.util.PSQLException: ERROR: relation "article" does not exist<EOL>  位置：22<EOL>; bad SQL grammar []]
2025-08-20 12:06:59.542 [http-nio-8080-exec-2] DEBUG o.s.web.servlet.DispatcherServlet - Completed 500 INTERNAL_SERVER_ERROR
2025-08-20 12:24:32.603 [http-nio-8080-exec-1] DEBUG o.s.web.servlet.DispatcherServlet - POST "/api/articles/list", parameters={}
2025-08-20 12:24:32.609 [http-nio-8080-exec-1] DEBUG o.s.w.s.m.m.a.RequestMappingHandlerMapping - Mapped to com.aicreation.controller.ArticleController#getArticleList(ArticleListReqDto)
2025-08-20 12:24:32.622 [http-nio-8080-exec-1] DEBUG o.s.w.s.m.m.a.RequestResponseBodyMethodProcessor - Read "application/json;charset=UTF-8" to [com.aicreation.entity.dto.ArticleListReqDto@2526a847[articleName=<null>,voiceTone=<null>,pageNo=1,pa (truncated)...]
2025-08-20 12:24:32.681 [http-nio-8080-exec-1] DEBUG o.s.w.s.m.m.a.RequestResponseBodyMethodProcessor - Using 'application/json', given [application/json, text/plain, */*] and supported [application/json, application/*+json]
2025-08-20 12:24:32.682 [http-nio-8080-exec-1] DEBUG o.s.w.s.m.m.a.RequestResponseBodyMethodProcessor - Writing [com.aicreation.entity.dto.base.PageRespDto@f82e279[list=[com.aicreation.entity.dto.ArticleRespDto@29 (truncated)...]
2025-08-20 12:24:32.690 [http-nio-8080-exec-1] DEBUG o.s.web.servlet.DispatcherServlet - Completed 200 OK
2025-08-20 12:25:06.537 [http-nio-8080-exec-3] DEBUG o.s.web.servlet.DispatcherServlet - POST "/api/articles/list", parameters={}
2025-08-20 12:25:06.540 [http-nio-8080-exec-3] DEBUG o.s.w.s.m.m.a.RequestMappingHandlerMapping - Mapped to com.aicreation.controller.ArticleController#getArticleList(ArticleListReqDto)
2025-08-20 12:25:06.541 [http-nio-8080-exec-3] DEBUG o.s.w.s.m.m.a.RequestResponseBodyMethodProcessor - Read "application/json;charset=UTF-8" to [com.aicreation.entity.dto.ArticleListReqDto@68b4ff97[articleName=<null>,voiceTone=男声,pageNo=1,pageSi (truncated)...]
2025-08-20 12:25:06.550 [http-nio-8080-exec-3] DEBUG o.s.w.s.m.m.a.RequestResponseBodyMethodProcessor - Using 'application/json', given [application/json, text/plain, */*] and supported [application/json, application/*+json]
2025-08-20 12:25:06.550 [http-nio-8080-exec-3] DEBUG o.s.w.s.m.m.a.RequestResponseBodyMethodProcessor - Writing [com.aicreation.entity.dto.base.PageRespDto@3effce66[list=[com.aicreation.entity.dto.ArticleRespDto@3 (truncated)...]
2025-08-20 12:25:06.550 [http-nio-8080-exec-3] DEBUG o.s.web.servlet.DispatcherServlet - Completed 200 OK
2025-08-20 12:25:13.385 [http-nio-8080-exec-4] DEBUG o.s.web.servlet.DispatcherServlet - POST "/api/articles/list", parameters={}
2025-08-20 12:25:13.386 [http-nio-8080-exec-4] DEBUG o.s.w.s.m.m.a.RequestMappingHandlerMapping - Mapped to com.aicreation.controller.ArticleController#getArticleList(ArticleListReqDto)
2025-08-20 12:25:13.387 [http-nio-8080-exec-4] DEBUG o.s.w.s.m.m.a.RequestResponseBodyMethodProcessor - Read "application/json;charset=UTF-8" to [com.aicreation.entity.dto.ArticleListReqDto@797af0b6[articleName=区块链,voiceTone=男声,pageNo=1,pageSize= (truncated)...]
2025-08-20 12:25:13.398 [http-nio-8080-exec-4] DEBUG o.s.w.s.m.m.a.RequestResponseBodyMethodProcessor - Using 'application/json', given [application/json, text/plain, */*] and supported [application/json, application/*+json]
2025-08-20 12:25:13.398 [http-nio-8080-exec-4] DEBUG o.s.w.s.m.m.a.RequestResponseBodyMethodProcessor - Writing [com.aicreation.entity.dto.base.PageRespDto@5f7c1f32[list=[com.aicreation.entity.dto.ArticleRespDto@5 (truncated)...]
2025-08-20 12:25:13.399 [http-nio-8080-exec-4] DEBUG o.s.web.servlet.DispatcherServlet - Completed 200 OK
2025-08-20 12:25:16.093 [http-nio-8080-exec-5] DEBUG o.s.web.servlet.DispatcherServlet - POST "/api/articles/list", parameters={}
2025-08-20 12:25:16.093 [http-nio-8080-exec-5] DEBUG o.s.w.s.m.m.a.RequestMappingHandlerMapping - Mapped to com.aicreation.controller.ArticleController#getArticleList(ArticleListReqDto)
2025-08-20 12:25:16.094 [http-nio-8080-exec-5] DEBUG o.s.w.s.m.m.a.RequestResponseBodyMethodProcessor - Read "application/json;charset=UTF-8" to [com.aicreation.entity.dto.ArticleListReqDto@383b5cdf[articleName=区块链,voiceTone=<null>,pageNo=1,pageS (truncated)...]
2025-08-20 12:25:16.099 [http-nio-8080-exec-5] DEBUG o.s.w.s.m.m.a.RequestResponseBodyMethodProcessor - Using 'application/json', given [application/json, text/plain, */*] and supported [application/json, application/*+json]
2025-08-20 12:25:16.100 [http-nio-8080-exec-5] DEBUG o.s.w.s.m.m.a.RequestResponseBodyMethodProcessor - Writing [com.aicreation.entity.dto.base.PageRespDto@ee54c1[list=[com.aicreation.entity.dto.ArticleRespDto@495 (truncated)...]
2025-08-20 12:25:16.100 [http-nio-8080-exec-5] DEBUG o.s.web.servlet.DispatcherServlet - Completed 200 OK
2025-08-20 12:25:59.282 [http-nio-8080-exec-6] DEBUG o.s.web.servlet.DispatcherServlet - POST "/api/articles", parameters={}
2025-08-20 12:25:59.285 [http-nio-8080-exec-6] DEBUG o.s.w.s.m.m.a.RequestMappingHandlerMapping - Mapped to com.aicreation.controller.ArticleController#createArticle(ArticleCreateReqDto)
2025-08-20 12:25:59.289 [http-nio-8080-exec-6] DEBUG o.s.w.s.m.m.a.RequestResponseBodyMethodProcessor - Read "application/json;charset=UTF-8" to [com.aicreation.entity.dto.ArticleCreateReqDto@6968f563[articleName=应用发展时间,articleOutline=方便的发不发道德规范搭 (truncated)...]
2025-08-20 12:25:59.306 [http-nio-8080-exec-6] DEBUG o.s.w.s.m.m.a.RequestResponseBodyMethodProcessor - Using 'application/json', given [application/json, text/plain, */*] and supported [application/json, application/*+json]
2025-08-20 12:25:59.306 [http-nio-8080-exec-6] DEBUG o.s.w.s.m.m.a.RequestResponseBodyMethodProcessor - Writing [BaseResponse(code=00000000, msg=操作成功！, data=4)]
2025-08-20 12:25:59.307 [http-nio-8080-exec-6] DEBUG o.s.web.servlet.DispatcherServlet - Completed 200 OK
2025-08-20 12:26:00.899 [http-nio-8080-exec-7] DEBUG o.s.web.servlet.DispatcherServlet - POST "/api/articles/list", parameters={}
2025-08-20 12:26:00.900 [http-nio-8080-exec-7] DEBUG o.s.w.s.m.m.a.RequestMappingHandlerMapping - Mapped to com.aicreation.controller.ArticleController#getArticleList(ArticleListReqDto)
2025-08-20 12:26:00.901 [http-nio-8080-exec-7] DEBUG o.s.w.s.m.m.a.RequestResponseBodyMethodProcessor - Read "application/json;charset=UTF-8" to [com.aicreation.entity.dto.ArticleListReqDto@6709763b[articleName=区块链,voiceTone=<null>,pageNo=1,pageS (truncated)...]
2025-08-20 12:26:00.906 [http-nio-8080-exec-7] DEBUG o.s.w.s.m.m.a.RequestResponseBodyMethodProcessor - Using 'application/json', given [application/json, text/plain, */*] and supported [application/json, application/*+json]
2025-08-20 12:26:00.906 [http-nio-8080-exec-7] DEBUG o.s.w.s.m.m.a.RequestResponseBodyMethodProcessor - Writing [com.aicreation.entity.dto.base.PageRespDto@17d8994d[list=[com.aicreation.entity.dto.ArticleRespDto@4 (truncated)...]
2025-08-20 12:26:00.906 [http-nio-8080-exec-7] DEBUG o.s.web.servlet.DispatcherServlet - Completed 200 OK
2025-08-20 12:26:05.707 [http-nio-8080-exec-8] DEBUG o.s.web.servlet.DispatcherServlet - POST "/api/articles/list", parameters={}
2025-08-20 12:26:05.708 [http-nio-8080-exec-8] DEBUG o.s.w.s.m.m.a.RequestMappingHandlerMapping - Mapped to com.aicreation.controller.ArticleController#getArticleList(ArticleListReqDto)
2025-08-20 12:26:05.709 [http-nio-8080-exec-8] DEBUG o.s.w.s.m.m.a.RequestResponseBodyMethodProcessor - Read "application/json;charset=UTF-8" to [com.aicreation.entity.dto.ArticleListReqDto@c7fd822[articleName=<null>,voiceTone=<null>,pageNo=1,pag (truncated)...]
2025-08-20 12:26:05.715 [http-nio-8080-exec-8] DEBUG o.s.w.s.m.m.a.RequestResponseBodyMethodProcessor - Using 'application/json', given [application/json, text/plain, */*] and supported [application/json, application/*+json]
2025-08-20 12:26:05.715 [http-nio-8080-exec-8] DEBUG o.s.w.s.m.m.a.RequestResponseBodyMethodProcessor - Writing [com.aicreation.entity.dto.base.PageRespDto@2923749a[list=[com.aicreation.entity.dto.ArticleRespDto@2 (truncated)...]
2025-08-20 12:26:05.716 [http-nio-8080-exec-8] DEBUG o.s.web.servlet.DispatcherServlet - Completed 200 OK
2025-08-20 12:26:12.947 [http-nio-8080-exec-9] DEBUG o.s.web.servlet.DispatcherServlet - PUT "/api/articles/4/status?resState=0", parameters={masked}
2025-08-20 12:26:12.950 [http-nio-8080-exec-9] DEBUG o.s.w.s.m.m.a.RequestMappingHandlerMapping - Mapped to com.aicreation.controller.ArticleController#updateArticleStatus(Long, Integer)
2025-08-20 12:26:12.961 [http-nio-8080-exec-9] DEBUG o.s.w.s.m.m.a.RequestResponseBodyMethodProcessor - Using 'application/json', given [application/json, text/plain, */*] and supported [application/json, application/*+json]
2025-08-20 12:26:12.961 [http-nio-8080-exec-9] DEBUG o.s.w.s.m.m.a.RequestResponseBodyMethodProcessor - Writing [BaseResponse(code=00000000, msg=操作成功！, data=true)]
2025-08-20 12:26:12.963 [http-nio-8080-exec-9] DEBUG o.s.web.servlet.DispatcherServlet - Completed 200 OK
2025-08-20 12:26:14.381 [http-nio-8080-exec-10] DEBUG o.s.web.servlet.DispatcherServlet - POST "/api/articles/list", parameters={}
2025-08-20 12:26:14.382 [http-nio-8080-exec-10] DEBUG o.s.w.s.m.m.a.RequestMappingHandlerMapping - Mapped to com.aicreation.controller.ArticleController#getArticleList(ArticleListReqDto)
2025-08-20 12:26:14.382 [http-nio-8080-exec-10] DEBUG o.s.w.s.m.m.a.RequestResponseBodyMethodProcessor - Read "application/json;charset=UTF-8" to [com.aicreation.entity.dto.ArticleListReqDto@6df24e9d[articleName=<null>,voiceTone=<null>,pageNo=1,pa (truncated)...]
2025-08-20 12:26:14.389 [http-nio-8080-exec-10] DEBUG o.s.w.s.m.m.a.RequestResponseBodyMethodProcessor - Using 'application/json', given [application/json, text/plain, */*] and supported [application/json, application/*+json]
2025-08-20 12:26:14.389 [http-nio-8080-exec-10] DEBUG o.s.w.s.m.m.a.RequestResponseBodyMethodProcessor - Writing [com.aicreation.entity.dto.base.PageRespDto@610e0df9[list=[com.aicreation.entity.dto.ArticleRespDto@1 (truncated)...]
2025-08-20 12:26:14.390 [http-nio-8080-exec-10] DEBUG o.s.web.servlet.DispatcherServlet - Completed 200 OK
2025-08-20 12:26:16.031 [http-nio-8080-exec-2] DEBUG o.s.web.servlet.DispatcherServlet - POST "/api/articles/list", parameters={}
2025-08-20 12:26:16.031 [http-nio-8080-exec-2] DEBUG o.s.w.s.m.m.a.RequestMappingHandlerMapping - Mapped to com.aicreation.controller.ArticleController#getArticleList(ArticleListReqDto)
2025-08-20 12:26:16.032 [http-nio-8080-exec-2] DEBUG o.s.w.s.m.m.a.RequestResponseBodyMethodProcessor - Read "application/json;charset=UTF-8" to [com.aicreation.entity.dto.ArticleListReqDto@38906c79[articleName=<null>,voiceTone=<null>,pageNo=1,pa (truncated)...]
2025-08-20 12:26:16.038 [http-nio-8080-exec-2] DEBUG o.s.w.s.m.m.a.RequestResponseBodyMethodProcessor - Using 'application/json', given [application/json, text/plain, */*] and supported [application/json, application/*+json]
2025-08-20 12:26:16.038 [http-nio-8080-exec-2] DEBUG o.s.w.s.m.m.a.RequestResponseBodyMethodProcessor - Writing [com.aicreation.entity.dto.base.PageRespDto@4c58e19f[list=[com.aicreation.entity.dto.ArticleRespDto@6 (truncated)...]
2025-08-20 12:26:16.039 [http-nio-8080-exec-2] DEBUG o.s.web.servlet.DispatcherServlet - Completed 200 OK
2025-08-20 12:34:26.873 [http-nio-8080-exec-1] DEBUG o.s.web.servlet.DispatcherServlet - POST "/api/articles/list", parameters={}
2025-08-20 12:34:26.877 [http-nio-8080-exec-1] DEBUG o.s.w.s.m.m.a.RequestMappingHandlerMapping - Mapped to com.aicreation.controller.ArticleController#getArticleList(ArticleListReqDto)
2025-08-20 12:34:26.889 [http-nio-8080-exec-1] DEBUG o.s.w.s.m.m.a.RequestResponseBodyMethodProcessor - Read "application/json;charset=UTF-8" to [com.aicreation.entity.dto.ArticleListReqDto@1f5c5b23[articleName=<null>,voiceTone=<null>,pageNo=1,pa (truncated)...]
2025-08-20 12:34:26.914 [http-nio-8080-exec-1] DEBUG o.s.w.s.m.m.a.RequestResponseBodyMethodProcessor - Using 'application/json', given [application/json, text/plain, */*] and supported [application/json, application/*+json]
2025-08-20 12:34:26.915 [http-nio-8080-exec-1] DEBUG o.s.w.s.m.m.a.RequestResponseBodyMethodProcessor - Writing [com.aicreation.entity.dto.base.PageRespDto@4629f3c[list=[com.aicreation.entity.dto.ArticleRespDto@28 (truncated)...]
2025-08-20 12:34:26.920 [http-nio-8080-exec-1] DEBUG o.s.web.servlet.DispatcherServlet - Completed 200 OK
2025-08-20 12:37:52.203 [http-nio-8080-exec-3] DEBUG o.s.web.servlet.DispatcherServlet - POST "/api/articles/list", parameters={}
2025-08-20 12:37:52.206 [http-nio-8080-exec-3] DEBUG o.s.w.s.m.m.a.RequestMappingHandlerMapping - Mapped to com.aicreation.controller.ArticleController#getArticleList(ArticleListReqDto)
2025-08-20 12:37:52.211 [http-nio-8080-exec-3] DEBUG o.s.w.s.m.m.a.RequestResponseBodyMethodProcessor - Read "application/json;charset=UTF-8" to [com.aicreation.entity.dto.ArticleListReqDto@4de837ec[articleName=<null>,voiceTone=<null>,pageNo=1,pa (truncated)...]
2025-08-20 12:37:52.242 [http-nio-8080-exec-3] DEBUG o.s.w.s.m.m.a.RequestResponseBodyMethodProcessor - Using 'application/json', given [application/json, text/plain, */*] and supported [application/json, application/*+json]
2025-08-20 12:37:52.243 [http-nio-8080-exec-3] DEBUG o.s.w.s.m.m.a.RequestResponseBodyMethodProcessor - Writing [com.aicreation.entity.dto.base.PageRespDto@7fe81624[list=[com.aicreation.entity.dto.ArticleRespDto@1 (truncated)...]
2025-08-20 12:37:52.245 [http-nio-8080-exec-3] DEBUG o.s.web.servlet.DispatcherServlet - Completed 200 OK
2025-08-20 12:37:53.394 [http-nio-8080-exec-4] DEBUG o.s.web.servlet.DispatcherServlet - POST "/api/articles/list", parameters={}
2025-08-20 12:37:53.395 [http-nio-8080-exec-4] DEBUG o.s.w.s.m.m.a.RequestMappingHandlerMapping - Mapped to com.aicreation.controller.ArticleController#getArticleList(ArticleListReqDto)
2025-08-20 12:37:53.399 [http-nio-8080-exec-4] DEBUG o.s.w.s.m.m.a.RequestResponseBodyMethodProcessor - Read "application/json;charset=UTF-8" to [com.aicreation.entity.dto.ArticleListReqDto@59c49aca[articleName=<null>,voiceTone=<null>,pageNo=1,pa (truncated)...]
2025-08-20 12:37:53.419 [http-nio-8080-exec-4] DEBUG o.s.w.s.m.m.a.RequestResponseBodyMethodProcessor - Using 'application/json', given [application/json, text/plain, */*] and supported [application/json, application/*+json]
2025-08-20 12:37:53.433 [http-nio-8080-exec-4] DEBUG o.s.w.s.m.m.a.RequestResponseBodyMethodProcessor - Writing [com.aicreation.entity.dto.base.PageRespDto@4dc243a2[list=[com.aicreation.entity.dto.ArticleRespDto@7 (truncated)...]
2025-08-20 12:37:53.454 [http-nio-8080-exec-4] DEBUG o.s.web.servlet.DispatcherServlet - Completed 200 OK
2025-08-20 12:44:29.226 [http-nio-8080-exec-5] DEBUG o.s.web.servlet.DispatcherServlet - POST "/api/articles/list", parameters={}
2025-08-20 12:44:29.233 [http-nio-8080-exec-5] DEBUG o.s.w.s.m.m.a.RequestMappingHandlerMapping - Mapped to com.aicreation.controller.ArticleController#getArticleList(ArticleListReqDto)
2025-08-20 12:44:29.239 [http-nio-8080-exec-5] DEBUG o.s.w.s.m.m.a.RequestResponseBodyMethodProcessor - Read "application/json;charset=UTF-8" to [com.aicreation.entity.dto.ArticleListReqDto@49025b3f[articleName=<null>,voiceTone=<null>,pageNo=1,pa (truncated)...]
2025-08-20 12:44:29.254 [http-nio-8080-exec-5] DEBUG o.s.w.s.m.m.a.RequestResponseBodyMethodProcessor - Using 'application/json', given [application/json, text/plain, */*] and supported [application/json, application/*+json]
2025-08-20 12:44:29.255 [http-nio-8080-exec-5] DEBUG o.s.w.s.m.m.a.RequestResponseBodyMethodProcessor - Writing [com.aicreation.entity.dto.base.PageRespDto@348569c8[list=[com.aicreation.entity.dto.ArticleRespDto@6 (truncated)...]
2025-08-20 12:44:29.257 [http-nio-8080-exec-5] DEBUG o.s.web.servlet.DispatcherServlet - Completed 200 OK
2025-08-20 12:44:40.594 [http-nio-8080-exec-6] DEBUG o.s.web.servlet.DispatcherServlet - POST "/api/articles/list", parameters={}
2025-08-20 12:44:40.595 [http-nio-8080-exec-6] DEBUG o.s.w.s.m.m.a.RequestMappingHandlerMapping - Mapped to com.aicreation.controller.ArticleController#getArticleList(ArticleListReqDto)
2025-08-20 12:44:40.598 [http-nio-8080-exec-6] DEBUG o.s.w.s.m.m.a.RequestResponseBodyMethodProcessor - Read "application/json;charset=UTF-8" to [com.aicreation.entity.dto.ArticleListReqDto@5184e5a[articleName=<null>,voiceTone=<null>,pageNo=1,pag (truncated)...]
2025-08-20 12:44:40.602 [http-nio-8080-exec-6] DEBUG o.s.w.s.m.m.a.RequestResponseBodyMethodProcessor - Using 'application/json', given [application/json, text/plain, */*] and supported [application/json, application/*+json]
2025-08-20 12:44:40.602 [http-nio-8080-exec-6] DEBUG o.s.w.s.m.m.a.RequestResponseBodyMethodProcessor - Writing [com.aicreation.entity.dto.base.PageRespDto@5acc216f[list=[com.aicreation.entity.dto.ArticleRespDto@6 (truncated)...]
2025-08-20 12:44:40.604 [http-nio-8080-exec-6] DEBUG o.s.web.servlet.DispatcherServlet - Completed 200 OK
2025-08-20 12:44:42.565 [http-nio-8080-exec-7] DEBUG o.s.web.servlet.DispatcherServlet - POST "/api/articles/list", parameters={}
2025-08-20 12:44:42.566 [http-nio-8080-exec-7] DEBUG o.s.w.s.m.m.a.RequestMappingHandlerMapping - Mapped to com.aicreation.controller.ArticleController#getArticleList(ArticleListReqDto)
2025-08-20 12:44:42.567 [http-nio-8080-exec-7] DEBUG o.s.w.s.m.m.a.RequestResponseBodyMethodProcessor - Read "application/json;charset=UTF-8" to [com.aicreation.entity.dto.ArticleListReqDto@461b834f[articleName=<null>,voiceTone=<null>,pageNo=1,pa (truncated)...]
2025-08-20 12:44:42.579 [http-nio-8080-exec-7] DEBUG o.s.w.s.m.m.a.RequestResponseBodyMethodProcessor - Using 'application/json', given [application/json, text/plain, */*] and supported [application/json, application/*+json]
2025-08-20 12:44:42.579 [http-nio-8080-exec-7] DEBUG o.s.w.s.m.m.a.RequestResponseBodyMethodProcessor - Writing [com.aicreation.entity.dto.base.PageRespDto@8af5b75[list=[com.aicreation.entity.dto.ArticleRespDto@77 (truncated)...]
2025-08-20 12:44:42.580 [http-nio-8080-exec-7] DEBUG o.s.web.servlet.DispatcherServlet - Completed 200 OK
